<?xml version="1.0" encoding="UTF-8"?>
<!-- Generated by org.testng.reporters.JUnitReportReporter -->
<testsuite skipped="0" hostname="VivekPC" name="com.Diaspark.app.firstTest" tests="1" failures="0" timestamp="25 Nov 2018 05:44:48 GMT" time="0.015" errors="0">
  <testcase name="printdata" time="0.015" classname="com.Diaspark.app.firstTest"/>
</testsuite> <!-- com.Diaspark.app.firstTest -->
